[1.195s] DEBUG:colcon:Command line arguments: ['/usr/bin/colcon', 'build']
[1.195s] DEBUG:colcon:Parsed command line arguments: Namespace(ament_cmake_args=None, base_paths=['.'], build_base='build', catkin_cmake_args=None, catkin_skip_building_tests=False, cmake_args=None, cmake_clean_cache=False, cmake_clean_first=False, cmake_force_configure=False, cmake_target=None, cmake_target_skip_unavailable=False, continue_on_error=False, event_handlers=None, executor='parallel', ignore_user_meta=False, install_base='install', log_base=None, log_level=None, main=<bound method BuildVerb.main of <colcon_core.verb.build.BuildVerb object at 0x7f7750477a90>>, merge_install=False, metas=['./colcon.meta'], packages_above=None, packages_above_and_dependencies=None, packages_above_depth=None, packages_end=None, packages_ignore=None, packages_ignore_regex=None, packages_select=None, packages_select_build_failed=False, packages_select_by_dep=None, packages_select_regex=None, packages_select_test_failures=False, packages_skip=None, packages_skip_build_finished=False, packages_skip_by_dep=None, packages_skip_regex=None, packages_skip_test_passed=False, packages_skip_up_to=None, packages_start=None, packages_up_to=None, packages_up_to_regex=None, parallel_workers=2, paths=None, symlink_install=False, test_result_base=None, verb_extension=<colcon_core.verb.build.BuildVerb object at 0x7f7750477a90>, verb_name='build', verb_parser=<colcon_defaults.argument_parser.defaults.DefaultArgumentsDecorator object at 0x7f7750488040>)
[1.338s] Level 1:colcon.colcon_core.package_discovery:discover_packages(colcon_meta) check parameters
[1.339s] Level 1:colcon.colcon_core.package_discovery:discover_packages(recursive) check parameters
[1.339s] Level 1:colcon.colcon_core.package_discovery:discover_packages(ignore) check parameters
[1.339s] Level 1:colcon.colcon_core.package_discovery:discover_packages(path) check parameters
[1.339s] Level 1:colcon.colcon_core.package_discovery:discover_packages(colcon_meta) discover
[1.339s] Level 1:colcon.colcon_core.package_discovery:discover_packages(recursive) discover
[1.339s] INFO:colcon.colcon_core.package_discovery:Crawling recursively for packages in '/home/eliz/tp3_fund_ros/ros2_ws'
[1.340s] Level 1:colcon.colcon_core.package_identification:_identify(.) by extensions ['ignore', 'ignore_ament_install']
[1.340s] Level 1:colcon.colcon_core.package_identification:_identify(.) by extension 'ignore'
[1.340s] Level 1:colcon.colcon_core.package_identification:_identify(.) by extension 'ignore_ament_install'
[1.341s] Level 1:colcon.colcon_core.package_identification:_identify(.) by extensions ['colcon_pkg']
[1.341s] Level 1:colcon.colcon_core.package_identification:_identify(.) by extension 'colcon_pkg'
[1.341s] Level 1:colcon.colcon_core.package_identification:_identify(.) by extensions ['colcon_meta']
[1.341s] Level 1:colcon.colcon_core.package_identification:_identify(.) by extension 'colcon_meta'
[1.341s] Level 1:colcon.colcon_core.package_identification:_identify(.) by extensions ['ros']
[1.341s] Level 1:colcon.colcon_core.package_identification:_identify(.) by extension 'ros'
[1.380s] Level 1:colcon.colcon_core.package_identification:_identify(.) by extensions ['cmake', 'python']
[1.380s] Level 1:colcon.colcon_core.package_identification:_identify(.) by extension 'cmake'
[1.380s] Level 1:colcon.colcon_core.package_identification:_identify(.) by extension 'python'
[1.381s] Level 1:colcon.colcon_core.package_identification:_identify(.) by extensions ['python_setup_py']
[1.381s] Level 1:colcon.colcon_core.package_identification:_identify(.) by extension 'python_setup_py'
[1.381s] Level 1:colcon.colcon_core.package_identification:_identify(build) by extensions ['ignore', 'ignore_ament_install']
[1.381s] Level 1:colcon.colcon_core.package_identification:_identify(build) by extension 'ignore'
[1.381s] Level 1:colcon.colcon_core.package_identification:_identify(build) ignored
[1.381s] Level 1:colcon.colcon_core.package_identification:_identify(install) by extensions ['ignore', 'ignore_ament_install']
[1.382s] Level 1:colcon.colcon_core.package_identification:_identify(install) by extension 'ignore'
[1.382s] Level 1:colcon.colcon_core.package_identification:_identify(install) ignored
[1.382s] Level 1:colcon.colcon_core.package_identification:_identify(log) by extensions ['ignore', 'ignore_ament_install']
[1.382s] Level 1:colcon.colcon_core.package_identification:_identify(log) by extension 'ignore'
[1.382s] Level 1:colcon.colcon_core.package_identification:_identify(log) ignored
[1.382s] Level 1:colcon.colcon_core.package_identification:_identify(src) by extensions ['ignore', 'ignore_ament_install']
[1.382s] Level 1:colcon.colcon_core.package_identification:_identify(src) by extension 'ignore'
[1.383s] Level 1:colcon.colcon_core.package_identification:_identify(src) by extension 'ignore_ament_install'
[1.383s] Level 1:colcon.colcon_core.package_identification:_identify(src) by extensions ['colcon_pkg']
[1.383s] Level 1:colcon.colcon_core.package_identification:_identify(src) by extension 'colcon_pkg'
[1.383s] Level 1:colcon.colcon_core.package_identification:_identify(src) by extensions ['colcon_meta']
[1.383s] Level 1:colcon.colcon_core.package_identification:_identify(src) by extension 'colcon_meta'
[1.383s] Level 1:colcon.colcon_core.package_identification:_identify(src) by extensions ['ros']
[1.383s] Level 1:colcon.colcon_core.package_identification:_identify(src) by extension 'ros'
[1.383s] Level 1:colcon.colcon_core.package_identification:_identify(src) by extensions ['cmake', 'python']
[1.384s] Level 1:colcon.colcon_core.package_identification:_identify(src) by extension 'cmake'
[1.384s] Level 1:colcon.colcon_core.package_identification:_identify(src) by extension 'python'
[1.384s] Level 1:colcon.colcon_core.package_identification:_identify(src) by extensions ['python_setup_py']
[1.384s] Level 1:colcon.colcon_core.package_identification:_identify(src) by extension 'python_setup_py'
[1.385s] Level 1:colcon.colcon_core.package_identification:_identify(src/build) by extensions ['ignore', 'ignore_ament_install']
[1.385s] Level 1:colcon.colcon_core.package_identification:_identify(src/build) by extension 'ignore'
[1.385s] Level 1:colcon.colcon_core.package_identification:_identify(src/build) ignored
[1.386s] Level 1:colcon.colcon_core.package_identification:_identify(src/install) by extensions ['ignore', 'ignore_ament_install']
[1.387s] Level 1:colcon.colcon_core.package_identification:_identify(src/install) by extension 'ignore'
[1.387s] Level 1:colcon.colcon_core.package_identification:_identify(src/install) ignored
[1.388s] Level 1:colcon.colcon_core.package_identification:_identify(src/log) by extensions ['ignore', 'ignore_ament_install']
[1.389s] Level 1:colcon.colcon_core.package_identification:_identify(src/log) by extension 'ignore'
[1.389s] Level 1:colcon.colcon_core.package_identification:_identify(src/log) ignored
[1.389s] Level 1:colcon.colcon_core.package_identification:_identify(src/ros2_package_subs) by extensions ['ignore', 'ignore_ament_install']
[1.389s] Level 1:colcon.colcon_core.package_identification:_identify(src/ros2_package_subs) by extension 'ignore'
[1.390s] Level 1:colcon.colcon_core.package_identification:_identify(src/ros2_package_subs) by extension 'ignore_ament_install'
[1.390s] Level 1:colcon.colcon_core.package_identification:_identify(src/ros2_package_subs) by extensions ['colcon_pkg']
[1.390s] Level 1:colcon.colcon_core.package_identification:_identify(src/ros2_package_subs) by extension 'colcon_pkg'
[1.390s] Level 1:colcon.colcon_core.package_identification:_identify(src/ros2_package_subs) by extensions ['colcon_meta']
[1.390s] Level 1:colcon.colcon_core.package_identification:_identify(src/ros2_package_subs) by extension 'colcon_meta'
[1.390s] Level 1:colcon.colcon_core.package_identification:_identify(src/ros2_package_subs) by extensions ['ros']
[1.390s] Level 1:colcon.colcon_core.package_identification:_identify(src/ros2_package_subs) by extension 'ros'
[1.395s] DEBUG:colcon.colcon_core.package_identification:Package 'src/ros2_package_subs' with type 'ros.ament_python' and name 'ros2_package_subs'
[1.395s] Level 1:colcon.colcon_core.package_discovery:discover_packages(recursive) using defaults
[1.395s] Level 1:colcon.colcon_core.package_discovery:discover_packages(ignore) discover
[1.395s] Level 1:colcon.colcon_core.package_discovery:discover_packages(ignore) using defaults
[1.395s] Level 1:colcon.colcon_core.package_discovery:discover_packages(path) discover
[1.395s] Level 1:colcon.colcon_core.package_discovery:discover_packages(path) using defaults
[1.517s] Level 5:colcon.colcon_core.verb:set package 'ros2_package_subs' build argument 'cmake_args' from command line to 'None'
[1.517s] Level 5:colcon.colcon_core.verb:set package 'ros2_package_subs' build argument 'cmake_target' from command line to 'None'
[1.518s] Level 5:colcon.colcon_core.verb:set package 'ros2_package_subs' build argument 'cmake_target_skip_unavailable' from command line to 'False'
[1.518s] Level 5:colcon.colcon_core.verb:set package 'ros2_package_subs' build argument 'cmake_clean_cache' from command line to 'False'
[1.518s] Level 5:colcon.colcon_core.verb:set package 'ros2_package_subs' build argument 'cmake_clean_first' from command line to 'False'
[1.518s] Level 5:colcon.colcon_core.verb:set package 'ros2_package_subs' build argument 'cmake_force_configure' from command line to 'False'
[1.518s] Level 5:colcon.colcon_core.verb:set package 'ros2_package_subs' build argument 'ament_cmake_args' from command line to 'None'
[1.518s] Level 5:colcon.colcon_core.verb:set package 'ros2_package_subs' build argument 'catkin_cmake_args' from command line to 'None'
[1.518s] Level 5:colcon.colcon_core.verb:set package 'ros2_package_subs' build argument 'catkin_skip_building_tests' from command line to 'False'
[1.518s] DEBUG:colcon.colcon_core.verb:Building package 'ros2_package_subs' with the following arguments: {'ament_cmake_args': None, 'build_base': '/home/eliz/tp3_fund_ros/ros2_ws/build/ros2_package_subs', 'catkin_cmake_args': None, 'catkin_skip_building_tests': False, 'cmake_args': None, 'cmake_clean_cache': False, 'cmake_clean_first': False, 'cmake_force_configure': False, 'cmake_target': None, 'cmake_target_skip_unavailable': False, 'install_base': '/home/eliz/tp3_fund_ros/ros2_ws/install/ros2_package_subs', 'merge_install': False, 'path': '/home/eliz/tp3_fund_ros/ros2_ws/src/ros2_package_subs', 'symlink_install': False, 'test_result_base': None}
[1.519s] INFO:colcon.colcon_core.executor:Executing jobs using 'parallel' executor
[1.523s] DEBUG:colcon.colcon_parallel_executor.executor.parallel:run_until_complete
[1.523s] INFO:colcon.colcon_ros.task.ament_python.build:Building ROS package in '/home/eliz/tp3_fund_ros/ros2_ws/src/ros2_package_subs' with build type 'ament_python'
[1.524s] Level 1:colcon.colcon_core.shell:create_environment_hook('ros2_package_subs', 'ament_prefix_path')
[1.580s] INFO:colcon.colcon_core.plugin_system:Skipping extension 'colcon_core.shell.bat': Not used on non-Windows systems
[1.580s] INFO:colcon.colcon_core.shell:Creating environment hook '/home/eliz/tp3_fund_ros/ros2_ws/install/ros2_package_subs/share/ros2_package_subs/hook/ament_prefix_path.ps1'
[1.586s] INFO:colcon.colcon_core.shell:Creating environment descriptor '/home/eliz/tp3_fund_ros/ros2_ws/install/ros2_package_subs/share/ros2_package_subs/hook/ament_prefix_path.dsv'
[1.595s] INFO:colcon.colcon_core.shell:Creating environment hook '/home/eliz/tp3_fund_ros/ros2_ws/install/ros2_package_subs/share/ros2_package_subs/hook/ament_prefix_path.sh'
[1.600s] INFO:colcon.colcon_core.shell:Skip shell extension 'powershell' for command environment: Not usable outside of PowerShell
[1.600s] DEBUG:colcon.colcon_core.shell:Skip shell extension 'dsv' for command environment
[1.620s] DEBUG:colcon.colcon_core.shell:Ignoring prefix path '/opt/ros/foxy'
[1.620s] DEBUG:colcon.colcon_core.shell:Ignoring prefix path '/home/eliz/tp3_fund_ros/catkin_ws/devel'
[1.620s] DEBUG:colcon.colcon_core.shell:Ignoring prefix path '/opt/ros/noetic'
[2.220s] INFO:colcon.colcon_core.task.python.build:Building Python package in '/home/eliz/tp3_fund_ros/ros2_ws/src/ros2_package_subs'
[2.221s] INFO:colcon.colcon_core.shell:Skip shell extension 'powershell' for command environment: Not usable outside of PowerShell
[2.222s] DEBUG:colcon.colcon_core.shell:Skip shell extension 'dsv' for command environment
[2.225s] DEBUG:colcon.colcon_core.shell:Ignoring prefix path '/opt/ros/foxy'
[2.225s] DEBUG:colcon.colcon_core.shell:Ignoring prefix path '/home/eliz/tp3_fund_ros/catkin_ws/devel'
[2.225s] DEBUG:colcon.colcon_core.shell:Ignoring prefix path '/opt/ros/noetic'
[2.237s] DEBUG:colcon.colcon_core.event_handler.log_command:Invoking command in '/home/eliz/tp3_fund_ros/ros2_ws/src/ros2_package_subs': PYTHONPATH=/home/eliz/tp3_fund_ros/ros2_ws/install/ros2_package_subs/lib/python3.8/site-packages:${PYTHONPATH} /usr/bin/python3 setup.py egg_info --egg-base ../../build/ros2_package_subs build --build-base /home/eliz/tp3_fund_ros/ros2_ws/build/ros2_package_subs/build install --prefix /home/eliz/tp3_fund_ros/ros2_ws/install/ros2_package_subs --record /home/eliz/tp3_fund_ros/ros2_ws/build/ros2_package_subs/install.log --single-version-externally-managed
[3.068s] DEBUG:colcon.colcon_core.event_handler.log_command:Invoked command in '/home/eliz/tp3_fund_ros/ros2_ws/src/ros2_package_subs' returned '0': PYTHONPATH=/home/eliz/tp3_fund_ros/ros2_ws/install/ros2_package_subs/lib/python3.8/site-packages:${PYTHONPATH} /usr/bin/python3 setup.py egg_info --egg-base ../../build/ros2_package_subs build --build-base /home/eliz/tp3_fund_ros/ros2_ws/build/ros2_package_subs/build install --prefix /home/eliz/tp3_fund_ros/ros2_ws/install/ros2_package_subs --record /home/eliz/tp3_fund_ros/ros2_ws/build/ros2_package_subs/install.log --single-version-externally-managed
[3.146s] Level 1:colcon.colcon_core.environment:checking '/home/eliz/tp3_fund_ros/ros2_ws/install/ros2_package_subs' for CMake module files
[3.148s] Level 1:colcon.colcon_core.environment:checking '/home/eliz/tp3_fund_ros/ros2_ws/install/ros2_package_subs' for CMake config files
[3.151s] Level 1:colcon.colcon_core.environment:checking '/home/eliz/tp3_fund_ros/ros2_ws/install/ros2_package_subs/lib'
[3.153s] Level 1:colcon.colcon_core.environment:checking '/home/eliz/tp3_fund_ros/ros2_ws/install/ros2_package_subs/bin'
[3.153s] Level 1:colcon.colcon_core.environment:checking '/home/eliz/tp3_fund_ros/ros2_ws/install/ros2_package_subs/lib/pkgconfig/ros2_package_subs.pc'
[3.153s] Level 1:colcon.colcon_core.environment:checking '/home/eliz/tp3_fund_ros/ros2_ws/install/ros2_package_subs/lib/python3.8/site-packages'
[3.153s] Level 1:colcon.colcon_core.shell:create_environment_hook('ros2_package_subs', 'pythonpath')
[3.155s] INFO:colcon.colcon_core.shell:Creating environment hook '/home/eliz/tp3_fund_ros/ros2_ws/install/ros2_package_subs/share/ros2_package_subs/hook/pythonpath.ps1'
[3.156s] INFO:colcon.colcon_core.shell:Creating environment descriptor '/home/eliz/tp3_fund_ros/ros2_ws/install/ros2_package_subs/share/ros2_package_subs/hook/pythonpath.dsv'
[3.157s] INFO:colcon.colcon_core.shell:Creating environment hook '/home/eliz/tp3_fund_ros/ros2_ws/install/ros2_package_subs/share/ros2_package_subs/hook/pythonpath.sh'
[3.157s] Level 1:colcon.colcon_core.environment:create_environment_scripts_only(ros2_package_subs)
[3.159s] INFO:colcon.colcon_core.shell:Creating package script '/home/eliz/tp3_fund_ros/ros2_ws/install/ros2_package_subs/share/ros2_package_subs/package.ps1'
[3.162s] INFO:colcon.colcon_core.shell:Creating package descriptor '/home/eliz/tp3_fund_ros/ros2_ws/install/ros2_package_subs/share/ros2_package_subs/package.dsv'
[3.165s] INFO:colcon.colcon_core.shell:Creating package script '/home/eliz/tp3_fund_ros/ros2_ws/install/ros2_package_subs/share/ros2_package_subs/package.sh'
[3.168s] INFO:colcon.colcon_core.shell:Creating package script '/home/eliz/tp3_fund_ros/ros2_ws/install/ros2_package_subs/share/ros2_package_subs/package.bash'
[3.172s] INFO:colcon.colcon_core.shell:Creating package script '/home/eliz/tp3_fund_ros/ros2_ws/install/ros2_package_subs/share/ros2_package_subs/package.zsh'
[3.189s] Level 1:colcon.colcon_core.environment:create_file_with_runtime_dependencies(/home/eliz/tp3_fund_ros/ros2_ws/install/ros2_package_subs/share/colcon-core/packages/ros2_package_subs)
[3.191s] DEBUG:colcon.colcon_parallel_executor.executor.parallel:closing loop
[3.192s] DEBUG:colcon.colcon_parallel_executor.executor.parallel:loop closed
[3.192s] DEBUG:colcon.colcon_parallel_executor.executor.parallel:run_until_complete finished with '0'
[3.193s] DEBUG:colcon.colcon_core.event_reactor:joining thread
[3.272s] INFO:colcon.colcon_core.plugin_system:Skipping extension 'colcon_notification.desktop_notification.terminal_notifier': Not used on non-Darwin systems
[3.272s] INFO:colcon.colcon_core.plugin_system:Skipping extension 'colcon_notification.desktop_notification.win32': Not used on non-Windows systems
[3.273s] INFO:colcon.colcon_notification.desktop_notification:Sending desktop notification using 'notify2'
[3.457s] DEBUG:colcon.colcon_core.event_reactor:joined thread
[3.459s] INFO:colcon.colcon_core.shell:Creating prefix script '/home/eliz/tp3_fund_ros/ros2_ws/install/local_setup.ps1'
[3.462s] INFO:colcon.colcon_core.shell:Creating prefix util module '/home/eliz/tp3_fund_ros/ros2_ws/install/_local_setup_util_ps1.py'
[3.468s] INFO:colcon.colcon_core.shell:Creating prefix chain script '/home/eliz/tp3_fund_ros/ros2_ws/install/setup.ps1'
[3.475s] INFO:colcon.colcon_core.shell:Creating prefix script '/home/eliz/tp3_fund_ros/ros2_ws/install/local_setup.sh'
[3.479s] INFO:colcon.colcon_core.shell:Creating prefix util module '/home/eliz/tp3_fund_ros/ros2_ws/install/_local_setup_util_sh.py'
[3.480s] INFO:colcon.colcon_core.shell:Creating prefix chain script '/home/eliz/tp3_fund_ros/ros2_ws/install/setup.sh'
[3.488s] INFO:colcon.colcon_core.shell:Creating prefix script '/home/eliz/tp3_fund_ros/ros2_ws/install/local_setup.bash'
[3.491s] INFO:colcon.colcon_core.shell:Creating prefix chain script '/home/eliz/tp3_fund_ros/ros2_ws/install/setup.bash'
[3.497s] INFO:colcon.colcon_core.shell:Creating prefix script '/home/eliz/tp3_fund_ros/ros2_ws/install/local_setup.zsh'
[3.499s] INFO:colcon.colcon_core.shell:Creating prefix chain script '/home/eliz/tp3_fund_ros/ros2_ws/install/setup.zsh'
