running egg_info
writing ../../build/ros2_package_subs/ros2_package_subs.egg-info/PKG-INFO
writing dependency_links to ../../build/ros2_package_subs/ros2_package_subs.egg-info/dependency_links.txt
writing entry points to ../../build/ros2_package_subs/ros2_package_subs.egg-info/entry_points.txt
writing requirements to ../../build/ros2_package_subs/ros2_package_subs.egg-info/requires.txt
writing top-level names to ../../build/ros2_package_subs/ros2_package_subs.egg-info/top_level.txt
reading manifest file '../../build/ros2_package_subs/ros2_package_subs.egg-info/SOURCES.txt'
writing manifest file '../../build/ros2_package_subs/ros2_package_subs.egg-info/SOURCES.txt'
running build
running build_py
copying ros2_package_subs/ros2_node_subs.py -> /home/eliz/tp3_fund_ros/ros2_ws/build/ros2_package_subs/build/lib/ros2_package_subs
running install
running install_lib
copying /home/eliz/tp3_fund_ros/ros2_ws/build/ros2_package_subs/build/lib/ros2_package_subs/ros2_node_subs.py -> /home/eliz/tp3_fund_ros/ros2_ws/install/ros2_package_subs/lib/python3.8/site-packages/ros2_package_subs
byte-compiling /home/eliz/tp3_fund_ros/ros2_ws/install/ros2_package_subs/lib/python3.8/site-packages/ros2_package_subs/ros2_node_subs.py to ros2_node_subs.cpython-38.pyc
running install_data
running install_egg_info
removing '/home/eliz/tp3_fund_ros/ros2_ws/install/ros2_package_subs/lib/python3.8/site-packages/ros2_package_subs-0.0.0-py3.8.egg-info' (and everything under it)
Copying ../../build/ros2_package_subs/ros2_package_subs.egg-info to /home/eliz/tp3_fund_ros/ros2_ws/install/ros2_package_subs/lib/python3.8/site-packages/ros2_package_subs-0.0.0-py3.8.egg-info
running install_scripts
Installing ros2_node_subs script to /home/eliz/tp3_fund_ros/ros2_ws/install/ros2_package_subs/lib/ros2_package_subs
writing list of installed files to '/home/eliz/tp3_fund_ros/ros2_ws/build/ros2_package_subs/install.log'
