[0.584s] Invoking command in '/home/eliz/tp3_fund_ros/ros2_ws/src/ros2_package_subs': PYTHONPATH=/home/eliz/tp3_fund_ros/ros2_ws/install/ros2_package_subs/lib/python3.8/site-packages:${PYTHONPATH} /usr/bin/python3 setup.py egg_info --egg-base ../../build/ros2_package_subs build --build-base /home/eliz/tp3_fund_ros/ros2_ws/build/ros2_package_subs/build install --prefix /home/eliz/tp3_fund_ros/ros2_ws/install/ros2_package_subs --record /home/eliz/tp3_fund_ros/ros2_ws/build/ros2_package_subs/install.log --single-version-externally-managed
[1.351s] running egg_info
[1.353s] creating ../../build/ros2_package_subs/ros2_package_subs.egg-info
[1.354s] writing ../../build/ros2_package_subs/ros2_package_subs.egg-info/PKG-INFO
[1.356s] writing dependency_links to ../../build/ros2_package_subs/ros2_package_subs.egg-info/dependency_links.txt
[1.358s] writing entry points to ../../build/ros2_package_subs/ros2_package_subs.egg-info/entry_points.txt
[1.358s] writing requirements to ../../build/ros2_package_subs/ros2_package_subs.egg-info/requires.txt
[1.360s] writing top-level names to ../../build/ros2_package_subs/ros2_package_subs.egg-info/top_level.txt
[1.422s] writing manifest file '../../build/ros2_package_subs/ros2_package_subs.egg-info/SOURCES.txt'
[1.735s] reading manifest file '../../build/ros2_package_subs/ros2_package_subs.egg-info/SOURCES.txt'
[1.737s] writing manifest file '../../build/ros2_package_subs/ros2_package_subs.egg-info/SOURCES.txt'
[1.738s] running build
[1.738s] running build_py
[1.738s] creating /home/eliz/tp3_fund_ros/ros2_ws/build/ros2_package_subs/build
[1.739s] creating /home/eliz/tp3_fund_ros/ros2_ws/build/ros2_package_subs/build/lib
[1.739s] creating /home/eliz/tp3_fund_ros/ros2_ws/build/ros2_package_subs/build/lib/ros2_package_subs
[1.739s] copying ros2_package_subs/__init__.py -> /home/eliz/tp3_fund_ros/ros2_ws/build/ros2_package_subs/build/lib/ros2_package_subs
[1.739s] copying ros2_package_subs/ros2_node_subs.py -> /home/eliz/tp3_fund_ros/ros2_ws/build/ros2_package_subs/build/lib/ros2_package_subs
[1.739s] running install
[1.740s] running install_lib
[1.757s] creating /home/eliz/tp3_fund_ros/ros2_ws/install/ros2_package_subs/lib/python3.8/site-packages/ros2_package_subs
[1.758s] copying /home/eliz/tp3_fund_ros/ros2_ws/build/ros2_package_subs/build/lib/ros2_package_subs/__init__.py -> /home/eliz/tp3_fund_ros/ros2_ws/install/ros2_package_subs/lib/python3.8/site-packages/ros2_package_subs
[1.758s] copying /home/eliz/tp3_fund_ros/ros2_ws/build/ros2_package_subs/build/lib/ros2_package_subs/ros2_node_subs.py -> /home/eliz/tp3_fund_ros/ros2_ws/install/ros2_package_subs/lib/python3.8/site-packages/ros2_package_subs
[1.758s] byte-compiling /home/eliz/tp3_fund_ros/ros2_ws/install/ros2_package_subs/lib/python3.8/site-packages/ros2_package_subs/__init__.py to __init__.cpython-38.pyc
[1.761s] byte-compiling /home/eliz/tp3_fund_ros/ros2_ws/install/ros2_package_subs/lib/python3.8/site-packages/ros2_package_subs/ros2_node_subs.py to ros2_node_subs.cpython-38.pyc
[1.762s] running install_data
[1.765s] creating /home/eliz/tp3_fund_ros/ros2_ws/install/ros2_package_subs/share/ament_index
[1.765s] creating /home/eliz/tp3_fund_ros/ros2_ws/install/ros2_package_subs/share/ament_index/resource_index
[1.765s] creating /home/eliz/tp3_fund_ros/ros2_ws/install/ros2_package_subs/share/ament_index/resource_index/packages
[1.765s] copying resource/ros2_package_subs -> /home/eliz/tp3_fund_ros/ros2_ws/install/ros2_package_subs/share/ament_index/resource_index/packages
[1.766s] copying package.xml -> /home/eliz/tp3_fund_ros/ros2_ws/install/ros2_package_subs/share/ros2_package_subs
[1.766s] running install_egg_info
[1.789s] Copying ../../build/ros2_package_subs/ros2_package_subs.egg-info to /home/eliz/tp3_fund_ros/ros2_ws/install/ros2_package_subs/lib/python3.8/site-packages/ros2_package_subs-0.0.0-py3.8.egg-info
[1.791s] running install_scripts
[1.856s] Installing ros2_node_subs script to /home/eliz/tp3_fund_ros/ros2_ws/install/ros2_package_subs/lib/ros2_package_subs
[1.856s] writing list of installed files to '/home/eliz/tp3_fund_ros/ros2_ws/build/ros2_package_subs/install.log'
[1.903s] Invoked command in '/home/eliz/tp3_fund_ros/ros2_ws/src/ros2_package_subs' returned '0': PYTHONPATH=/home/eliz/tp3_fund_ros/ros2_ws/install/ros2_package_subs/lib/python3.8/site-packages:${PYTHONPATH} /usr/bin/python3 setup.py egg_info --egg-base ../../build/ros2_package_subs build --build-base /home/eliz/tp3_fund_ros/ros2_ws/build/ros2_package_subs/build install --prefix /home/eliz/tp3_fund_ros/ros2_ws/install/ros2_package_subs --record /home/eliz/tp3_fund_ros/ros2_ws/build/ros2_package_subs/install.log --single-version-externally-managed
