[0.579s] Invoking command in '/home/eliz/tp3_fund_ros/ros2_ws/src/ros2_package_subs': PYTHONPATH=/home/eliz/tp3_fund_ros/ros2_ws/install/ros2_package_subs/lib/python3.8/site-packages:${PYTHONPATH} /usr/bin/python3 setup.py egg_info --egg-base ../../build/ros2_package_subs build --build-base /home/eliz/tp3_fund_ros/ros2_ws/build/ros2_package_subs/build install --prefix /home/eliz/tp3_fund_ros/ros2_ws/install/ros2_package_subs --record /home/eliz/tp3_fund_ros/ros2_ws/build/ros2_package_subs/install.log --single-version-externally-managed
[1.083s] running egg_info
[1.084s] writing ../../build/ros2_package_subs/ros2_package_subs.egg-info/PKG-INFO
[1.085s] writing dependency_links to ../../build/ros2_package_subs/ros2_package_subs.egg-info/dependency_links.txt
[1.085s] writing entry points to ../../build/ros2_package_subs/ros2_package_subs.egg-info/entry_points.txt
[1.086s] writing requirements to ../../build/ros2_package_subs/ros2_package_subs.egg-info/requires.txt
[1.086s] writing top-level names to ../../build/ros2_package_subs/ros2_package_subs.egg-info/top_level.txt
[1.175s] reading manifest file '../../build/ros2_package_subs/ros2_package_subs.egg-info/SOURCES.txt'
[1.177s] writing manifest file '../../build/ros2_package_subs/ros2_package_subs.egg-info/SOURCES.txt'
[1.177s] running build
[1.177s] running build_py
[1.178s] copying ros2_package_subs/ros2_node_subs.py -> /home/eliz/tp3_fund_ros/ros2_ws/build/ros2_package_subs/build/lib/ros2_package_subs
[1.178s] running install
[1.180s] running install_lib
[1.182s] copying /home/eliz/tp3_fund_ros/ros2_ws/build/ros2_package_subs/build/lib/ros2_package_subs/ros2_node_subs.py -> /home/eliz/tp3_fund_ros/ros2_ws/install/ros2_package_subs/lib/python3.8/site-packages/ros2_package_subs
[1.183s] byte-compiling /home/eliz/tp3_fund_ros/ros2_ws/install/ros2_package_subs/lib/python3.8/site-packages/ros2_package_subs/ros2_node_subs.py to ros2_node_subs.cpython-38.pyc
[1.186s] running install_data
[1.187s] running install_egg_info
[1.191s] removing '/home/eliz/tp3_fund_ros/ros2_ws/install/ros2_package_subs/lib/python3.8/site-packages/ros2_package_subs-0.0.0-py3.8.egg-info' (and everything under it)
[1.191s] Copying ../../build/ros2_package_subs/ros2_package_subs.egg-info to /home/eliz/tp3_fund_ros/ros2_ws/install/ros2_package_subs/lib/python3.8/site-packages/ros2_package_subs-0.0.0-py3.8.egg-info
[1.192s] running install_scripts
[1.229s] Installing ros2_node_subs script to /home/eliz/tp3_fund_ros/ros2_ws/install/ros2_package_subs/lib/ros2_package_subs
[1.230s] writing list of installed files to '/home/eliz/tp3_fund_ros/ros2_ws/build/ros2_package_subs/install.log'
[1.271s] Invoked command in '/home/eliz/tp3_fund_ros/ros2_ws/src/ros2_package_subs' returned '0': PYTHONPATH=/home/eliz/tp3_fund_ros/ros2_ws/install/ros2_package_subs/lib/python3.8/site-packages:${PYTHONPATH} /usr/bin/python3 setup.py egg_info --egg-base ../../build/ros2_package_subs build --build-base /home/eliz/tp3_fund_ros/ros2_ws/build/ros2_package_subs/build install --prefix /home/eliz/tp3_fund_ros/ros2_ws/install/ros2_package_subs --record /home/eliz/tp3_fund_ros/ros2_ws/build/ros2_package_subs/install.log --single-version-externally-managed
