[0.427s] DEBUG:colcon:Command line arguments: ['/usr/bin/colcon', 'build']
[0.428s] DEBUG:colcon:Parsed command line arguments: Namespace(ament_cmake_args=None, base_paths=['.'], build_base='build', catkin_cmake_args=None, catkin_skip_building_tests=False, cmake_args=None, cmake_clean_cache=False, cmake_clean_first=False, cmake_force_configure=False, cmake_target=None, cmake_target_skip_unavailable=False, continue_on_error=False, event_handlers=None, executor='parallel', ignore_user_meta=False, install_base='install', log_base=None, log_level=None, main=<bound method BuildVerb.main of <colcon_core.verb.build.BuildVerb object at 0x7fc3b587fa90>>, merge_install=False, metas=['./colcon.meta'], packages_above=None, packages_above_and_dependencies=None, packages_above_depth=None, packages_end=None, packages_ignore=None, packages_ignore_regex=None, packages_select=None, packages_select_build_failed=False, packages_select_by_dep=None, packages_select_regex=None, packages_select_test_failures=False, packages_skip=None, packages_skip_build_finished=False, packages_skip_by_dep=None, packages_skip_regex=None, packages_skip_test_passed=False, packages_skip_up_to=None, packages_start=None, packages_up_to=None, packages_up_to_regex=None, parallel_workers=2, paths=None, symlink_install=False, test_result_base=None, verb_extension=<colcon_core.verb.build.BuildVerb object at 0x7fc3b587fa90>, verb_name='build', verb_parser=<colcon_defaults.argument_parser.defaults.DefaultArgumentsDecorator object at 0x7fc3b588f040>)
[0.439s] Level 1:colcon.colcon_core.package_discovery:discover_packages(colcon_meta) check parameters
[0.440s] Level 1:colcon.colcon_core.package_discovery:discover_packages(recursive) check parameters
[0.440s] Level 1:colcon.colcon_core.package_discovery:discover_packages(ignore) check parameters
[0.440s] Level 1:colcon.colcon_core.package_discovery:discover_packages(path) check parameters
[0.440s] Level 1:colcon.colcon_core.package_discovery:discover_packages(colcon_meta) discover
[0.440s] Level 1:colcon.colcon_core.package_discovery:discover_packages(recursive) discover
[0.440s] INFO:colcon.colcon_core.package_discovery:Crawling recursively for packages in '/home/eliz/tp3_fund_ros/ros2_ws'
[0.440s] Level 1:colcon.colcon_core.package_identification:_identify(.) by extensions ['ignore', 'ignore_ament_install']
[0.441s] Level 1:colcon.colcon_core.package_identification:_identify(.) by extension 'ignore'
[0.441s] Level 1:colcon.colcon_core.package_identification:_identify(.) by extension 'ignore_ament_install'
[0.441s] Level 1:colcon.colcon_core.package_identification:_identify(.) by extensions ['colcon_pkg']
[0.441s] Level 1:colcon.colcon_core.package_identification:_identify(.) by extension 'colcon_pkg'
[0.441s] Level 1:colcon.colcon_core.package_identification:_identify(.) by extensions ['colcon_meta']
[0.441s] Level 1:colcon.colcon_core.package_identification:_identify(.) by extension 'colcon_meta'
[0.441s] Level 1:colcon.colcon_core.package_identification:_identify(.) by extensions ['ros']
[0.441s] Level 1:colcon.colcon_core.package_identification:_identify(.) by extension 'ros'
[0.469s] Level 1:colcon.colcon_core.package_identification:_identify(.) by extensions ['cmake', 'python']
[0.469s] Level 1:colcon.colcon_core.package_identification:_identify(.) by extension 'cmake'
[0.470s] Level 1:colcon.colcon_core.package_identification:_identify(.) by extension 'python'
[0.470s] Level 1:colcon.colcon_core.package_identification:_identify(.) by extensions ['python_setup_py']
[0.470s] Level 1:colcon.colcon_core.package_identification:_identify(.) by extension 'python_setup_py'
[0.470s] Level 1:colcon.colcon_core.package_identification:_identify(build) by extensions ['ignore', 'ignore_ament_install']
[0.470s] Level 1:colcon.colcon_core.package_identification:_identify(build) by extension 'ignore'
[0.470s] Level 1:colcon.colcon_core.package_identification:_identify(build) ignored
[0.471s] Level 1:colcon.colcon_core.package_identification:_identify(install) by extensions ['ignore', 'ignore_ament_install']
[0.471s] Level 1:colcon.colcon_core.package_identification:_identify(install) by extension 'ignore'
[0.471s] Level 1:colcon.colcon_core.package_identification:_identify(install) ignored
[0.471s] Level 1:colcon.colcon_core.package_identification:_identify(log) by extensions ['ignore', 'ignore_ament_install']
[0.471s] Level 1:colcon.colcon_core.package_identification:_identify(log) by extension 'ignore'
[0.471s] Level 1:colcon.colcon_core.package_identification:_identify(log) ignored
[0.472s] Level 1:colcon.colcon_core.package_identification:_identify(src) by extensions ['ignore', 'ignore_ament_install']
[0.472s] Level 1:colcon.colcon_core.package_identification:_identify(src) by extension 'ignore'
[0.472s] Level 1:colcon.colcon_core.package_identification:_identify(src) by extension 'ignore_ament_install'
[0.486s] Level 1:colcon.colcon_core.package_identification:_identify(src) by extensions ['colcon_pkg']
[0.486s] Level 1:colcon.colcon_core.package_identification:_identify(src) by extension 'colcon_pkg'
[0.486s] Level 1:colcon.colcon_core.package_identification:_identify(src) by extensions ['colcon_meta']
[0.486s] Level 1:colcon.colcon_core.package_identification:_identify(src) by extension 'colcon_meta'
[0.486s] Level 1:colcon.colcon_core.package_identification:_identify(src) by extensions ['ros']
[0.486s] Level 1:colcon.colcon_core.package_identification:_identify(src) by extension 'ros'
[0.487s] Level 1:colcon.colcon_core.package_identification:_identify(src) by extensions ['cmake', 'python']
[0.487s] Level 1:colcon.colcon_core.package_identification:_identify(src) by extension 'cmake'
[0.487s] Level 1:colcon.colcon_core.package_identification:_identify(src) by extension 'python'
[0.487s] Level 1:colcon.colcon_core.package_identification:_identify(src) by extensions ['python_setup_py']
[0.487s] Level 1:colcon.colcon_core.package_identification:_identify(src) by extension 'python_setup_py'
[0.487s] Level 1:colcon.colcon_core.package_identification:_identify(src/build) by extensions ['ignore', 'ignore_ament_install']
[0.487s] Level 1:colcon.colcon_core.package_identification:_identify(src/build) by extension 'ignore'
[0.487s] Level 1:colcon.colcon_core.package_identification:_identify(src/build) ignored
[0.488s] Level 1:colcon.colcon_core.package_identification:_identify(src/install) by extensions ['ignore', 'ignore_ament_install']
[0.488s] Level 1:colcon.colcon_core.package_identification:_identify(src/install) by extension 'ignore'
[0.488s] Level 1:colcon.colcon_core.package_identification:_identify(src/install) ignored
[0.488s] Level 1:colcon.colcon_core.package_identification:_identify(src/log) by extensions ['ignore', 'ignore_ament_install']
[0.488s] Level 1:colcon.colcon_core.package_identification:_identify(src/log) by extension 'ignore'
[0.488s] Level 1:colcon.colcon_core.package_identification:_identify(src/log) ignored
[0.488s] Level 1:colcon.colcon_core.package_identification:_identify(src/ros2_package_subs) by extensions ['ignore', 'ignore_ament_install']
[0.489s] Level 1:colcon.colcon_core.package_identification:_identify(src/ros2_package_subs) by extension 'ignore'
[0.489s] Level 1:colcon.colcon_core.package_identification:_identify(src/ros2_package_subs) by extension 'ignore_ament_install'
[0.489s] Level 1:colcon.colcon_core.package_identification:_identify(src/ros2_package_subs) by extensions ['colcon_pkg']
[0.489s] Level 1:colcon.colcon_core.package_identification:_identify(src/ros2_package_subs) by extension 'colcon_pkg'
[0.489s] Level 1:colcon.colcon_core.package_identification:_identify(src/ros2_package_subs) by extensions ['colcon_meta']
[0.489s] Level 1:colcon.colcon_core.package_identification:_identify(src/ros2_package_subs) by extension 'colcon_meta'
[0.489s] Level 1:colcon.colcon_core.package_identification:_identify(src/ros2_package_subs) by extensions ['ros']
[0.489s] Level 1:colcon.colcon_core.package_identification:_identify(src/ros2_package_subs) by extension 'ros'
[0.494s] DEBUG:colcon.colcon_core.package_identification:Package 'src/ros2_package_subs' with type 'ros.ament_python' and name 'ros2_package_subs'
[0.494s] Level 1:colcon.colcon_core.package_discovery:discover_packages(recursive) using defaults
[0.494s] Level 1:colcon.colcon_core.package_discovery:discover_packages(ignore) discover
[0.495s] Level 1:colcon.colcon_core.package_discovery:discover_packages(ignore) using defaults
[0.495s] Level 1:colcon.colcon_core.package_discovery:discover_packages(path) discover
[0.495s] Level 1:colcon.colcon_core.package_discovery:discover_packages(path) using defaults
[0.540s] Level 5:colcon.colcon_core.verb:set package 'ros2_package_subs' build argument 'cmake_args' from command line to 'None'
[0.540s] Level 5:colcon.colcon_core.verb:set package 'ros2_package_subs' build argument 'cmake_target' from command line to 'None'
[0.540s] Level 5:colcon.colcon_core.verb:set package 'ros2_package_subs' build argument 'cmake_target_skip_unavailable' from command line to 'False'
[0.540s] Level 5:colcon.colcon_core.verb:set package 'ros2_package_subs' build argument 'cmake_clean_cache' from command line to 'False'
[0.540s] Level 5:colcon.colcon_core.verb:set package 'ros2_package_subs' build argument 'cmake_clean_first' from command line to 'False'
[0.540s] Level 5:colcon.colcon_core.verb:set package 'ros2_package_subs' build argument 'cmake_force_configure' from command line to 'False'
[0.540s] Level 5:colcon.colcon_core.verb:set package 'ros2_package_subs' build argument 'ament_cmake_args' from command line to 'None'
[0.540s] Level 5:colcon.colcon_core.verb:set package 'ros2_package_subs' build argument 'catkin_cmake_args' from command line to 'None'
[0.540s] Level 5:colcon.colcon_core.verb:set package 'ros2_package_subs' build argument 'catkin_skip_building_tests' from command line to 'False'
[0.541s] DEBUG:colcon.colcon_core.verb:Building package 'ros2_package_subs' with the following arguments: {'ament_cmake_args': None, 'build_base': '/home/eliz/tp3_fund_ros/ros2_ws/build/ros2_package_subs', 'catkin_cmake_args': None, 'catkin_skip_building_tests': False, 'cmake_args': None, 'cmake_clean_cache': False, 'cmake_clean_first': False, 'cmake_force_configure': False, 'cmake_target': None, 'cmake_target_skip_unavailable': False, 'install_base': '/home/eliz/tp3_fund_ros/ros2_ws/install/ros2_package_subs', 'merge_install': False, 'path': '/home/eliz/tp3_fund_ros/ros2_ws/src/ros2_package_subs', 'symlink_install': False, 'test_result_base': None}
[0.542s] INFO:colcon.colcon_core.executor:Executing jobs using 'parallel' executor
[0.548s] DEBUG:colcon.colcon_parallel_executor.executor.parallel:run_until_complete
[0.548s] INFO:colcon.colcon_ros.task.ament_python.build:Building ROS package in '/home/eliz/tp3_fund_ros/ros2_ws/src/ros2_package_subs' with build type 'ament_python'
[0.548s] Level 1:colcon.colcon_core.shell:create_environment_hook('ros2_package_subs', 'ament_prefix_path')
[0.558s] INFO:colcon.colcon_core.plugin_system:Skipping extension 'colcon_core.shell.bat': Not used on non-Windows systems
[0.560s] INFO:colcon.colcon_core.shell:Creating environment hook '/home/eliz/tp3_fund_ros/ros2_ws/install/ros2_package_subs/share/ros2_package_subs/hook/ament_prefix_path.ps1'
[0.562s] INFO:colcon.colcon_core.shell:Creating environment descriptor '/home/eliz/tp3_fund_ros/ros2_ws/install/ros2_package_subs/share/ros2_package_subs/hook/ament_prefix_path.dsv'
[0.564s] INFO:colcon.colcon_core.shell:Creating environment hook '/home/eliz/tp3_fund_ros/ros2_ws/install/ros2_package_subs/share/ros2_package_subs/hook/ament_prefix_path.sh'
[0.567s] INFO:colcon.colcon_core.shell:Skip shell extension 'powershell' for command environment: Not usable outside of PowerShell
[0.568s] DEBUG:colcon.colcon_core.shell:Skip shell extension 'dsv' for command environment
[0.578s] DEBUG:colcon.colcon_core.shell:Ignoring prefix path '/opt/ros/foxy'
[0.578s] DEBUG:colcon.colcon_core.shell:Ignoring prefix path '/home/eliz/tp3_fund_ros/catkin_ws/devel'
[0.578s] DEBUG:colcon.colcon_core.shell:Ignoring prefix path '/opt/ros/noetic'
[1.111s] INFO:colcon.colcon_core.task.python.build:Building Python package in '/home/eliz/tp3_fund_ros/ros2_ws/src/ros2_package_subs'
[1.126s] INFO:colcon.colcon_core.shell:Skip shell extension 'powershell' for command environment: Not usable outside of PowerShell
[1.126s] DEBUG:colcon.colcon_core.shell:Skip shell extension 'dsv' for command environment
[1.133s] DEBUG:colcon.colcon_core.shell:Ignoring prefix path '/opt/ros/foxy'
[1.133s] DEBUG:colcon.colcon_core.shell:Ignoring prefix path '/home/eliz/tp3_fund_ros/catkin_ws/devel'
[1.133s] DEBUG:colcon.colcon_core.shell:Ignoring prefix path '/opt/ros/noetic'
[1.143s] DEBUG:colcon.colcon_core.event_handler.log_command:Invoking command in '/home/eliz/tp3_fund_ros/ros2_ws/src/ros2_package_subs': PYTHONPATH=/home/eliz/tp3_fund_ros/ros2_ws/install/ros2_package_subs/lib/python3.8/site-packages:${PYTHONPATH} /usr/bin/python3 setup.py egg_info --egg-base ../../build/ros2_package_subs build --build-base /home/eliz/tp3_fund_ros/ros2_ws/build/ros2_package_subs/build install --prefix /home/eliz/tp3_fund_ros/ros2_ws/install/ros2_package_subs --record /home/eliz/tp3_fund_ros/ros2_ws/build/ros2_package_subs/install.log --single-version-externally-managed
[2.461s] Level 1:colcon.colcon_core.environment:checking '/home/eliz/tp3_fund_ros/ros2_ws/install/ros2_package_subs' for CMake module files
[2.462s] DEBUG:colcon.colcon_core.event_handler.log_command:Invoked command in '/home/eliz/tp3_fund_ros/ros2_ws/src/ros2_package_subs' returned '0': PYTHONPATH=/home/eliz/tp3_fund_ros/ros2_ws/install/ros2_package_subs/lib/python3.8/site-packages:${PYTHONPATH} /usr/bin/python3 setup.py egg_info --egg-base ../../build/ros2_package_subs build --build-base /home/eliz/tp3_fund_ros/ros2_ws/build/ros2_package_subs/build install --prefix /home/eliz/tp3_fund_ros/ros2_ws/install/ros2_package_subs --record /home/eliz/tp3_fund_ros/ros2_ws/build/ros2_package_subs/install.log --single-version-externally-managed
[2.463s] Level 1:colcon.colcon_core.environment:checking '/home/eliz/tp3_fund_ros/ros2_ws/install/ros2_package_subs' for CMake config files
[2.465s] Level 1:colcon.colcon_core.environment:checking '/home/eliz/tp3_fund_ros/ros2_ws/install/ros2_package_subs/lib'
[2.465s] Level 1:colcon.colcon_core.environment:checking '/home/eliz/tp3_fund_ros/ros2_ws/install/ros2_package_subs/bin'
[2.465s] Level 1:colcon.colcon_core.environment:checking '/home/eliz/tp3_fund_ros/ros2_ws/install/ros2_package_subs/lib/pkgconfig/ros2_package_subs.pc'
[2.465s] Level 1:colcon.colcon_core.environment:checking '/home/eliz/tp3_fund_ros/ros2_ws/install/ros2_package_subs/lib/python3.8/site-packages'
[2.465s] Level 1:colcon.colcon_core.shell:create_environment_hook('ros2_package_subs', 'pythonpath')
[2.467s] INFO:colcon.colcon_core.shell:Creating environment hook '/home/eliz/tp3_fund_ros/ros2_ws/install/ros2_package_subs/share/ros2_package_subs/hook/pythonpath.ps1'
[2.468s] INFO:colcon.colcon_core.shell:Creating environment descriptor '/home/eliz/tp3_fund_ros/ros2_ws/install/ros2_package_subs/share/ros2_package_subs/hook/pythonpath.dsv'
[2.468s] INFO:colcon.colcon_core.shell:Creating environment hook '/home/eliz/tp3_fund_ros/ros2_ws/install/ros2_package_subs/share/ros2_package_subs/hook/pythonpath.sh'
[2.469s] Level 1:colcon.colcon_core.environment:create_environment_scripts_only(ros2_package_subs)
[2.471s] INFO:colcon.colcon_core.shell:Creating package script '/home/eliz/tp3_fund_ros/ros2_ws/install/ros2_package_subs/share/ros2_package_subs/package.ps1'
[2.472s] INFO:colcon.colcon_core.shell:Creating package descriptor '/home/eliz/tp3_fund_ros/ros2_ws/install/ros2_package_subs/share/ros2_package_subs/package.dsv'
[2.473s] INFO:colcon.colcon_core.shell:Creating package script '/home/eliz/tp3_fund_ros/ros2_ws/install/ros2_package_subs/share/ros2_package_subs/package.sh'
[2.475s] INFO:colcon.colcon_core.shell:Creating package script '/home/eliz/tp3_fund_ros/ros2_ws/install/ros2_package_subs/share/ros2_package_subs/package.bash'
[2.479s] INFO:colcon.colcon_core.shell:Creating package script '/home/eliz/tp3_fund_ros/ros2_ws/install/ros2_package_subs/share/ros2_package_subs/package.zsh'
[2.481s] Level 1:colcon.colcon_core.environment:create_file_with_runtime_dependencies(/home/eliz/tp3_fund_ros/ros2_ws/install/ros2_package_subs/share/colcon-core/packages/ros2_package_subs)
[2.482s] DEBUG:colcon.colcon_parallel_executor.executor.parallel:closing loop
[2.482s] DEBUG:colcon.colcon_parallel_executor.executor.parallel:loop closed
[2.482s] DEBUG:colcon.colcon_parallel_executor.executor.parallel:run_until_complete finished with '0'
[2.483s] DEBUG:colcon.colcon_core.event_reactor:joining thread
[2.499s] INFO:colcon.colcon_core.plugin_system:Skipping extension 'colcon_notification.desktop_notification.terminal_notifier': Not used on non-Darwin systems
[2.499s] INFO:colcon.colcon_core.plugin_system:Skipping extension 'colcon_notification.desktop_notification.win32': Not used on non-Windows systems
[2.499s] INFO:colcon.colcon_notification.desktop_notification:Sending desktop notification using 'notify2'
[2.520s] DEBUG:colcon.colcon_core.event_reactor:joined thread
[2.521s] INFO:colcon.colcon_core.shell:Creating prefix script '/home/eliz/tp3_fund_ros/ros2_ws/install/local_setup.ps1'
[2.524s] INFO:colcon.colcon_core.shell:Creating prefix util module '/home/eliz/tp3_fund_ros/ros2_ws/install/_local_setup_util_ps1.py'
[2.527s] INFO:colcon.colcon_core.shell:Creating prefix chain script '/home/eliz/tp3_fund_ros/ros2_ws/install/setup.ps1'
[2.533s] INFO:colcon.colcon_core.shell:Creating prefix script '/home/eliz/tp3_fund_ros/ros2_ws/install/local_setup.sh'
[2.534s] INFO:colcon.colcon_core.shell:Creating prefix util module '/home/eliz/tp3_fund_ros/ros2_ws/install/_local_setup_util_sh.py'
[2.535s] INFO:colcon.colcon_core.shell:Creating prefix chain script '/home/eliz/tp3_fund_ros/ros2_ws/install/setup.sh'
[2.541s] INFO:colcon.colcon_core.shell:Creating prefix script '/home/eliz/tp3_fund_ros/ros2_ws/install/local_setup.bash'
[2.542s] INFO:colcon.colcon_core.shell:Creating prefix chain script '/home/eliz/tp3_fund_ros/ros2_ws/install/setup.bash'
[2.548s] INFO:colcon.colcon_core.shell:Creating prefix script '/home/eliz/tp3_fund_ros/ros2_ws/install/local_setup.zsh'
[2.549s] INFO:colcon.colcon_core.shell:Creating prefix chain script '/home/eliz/tp3_fund_ros/ros2_ws/install/setup.zsh'
