[0.626s] Invoking command in '/home/eliz/tp3_fund_ros/ros2_ws/src/ros2_package_subs': PYTHONPATH=/home/eliz/tp3_fund_ros/ros2_ws/install/ros2_package_subs/lib/python3.8/site-packages:${PYTHONPATH} /usr/bin/python3 setup.py egg_info --egg-base ../../build/ros2_package_subs build --build-base /home/eliz/tp3_fund_ros/ros2_ws/build/ros2_package_subs/build install --prefix /home/eliz/tp3_fund_ros/ros2_ws/install/ros2_package_subs --record /home/eliz/tp3_fund_ros/ros2_ws/build/ros2_package_subs/install.log --single-version-externally-managed
[1.134s] running egg_info
[1.135s] writing ../../build/ros2_package_subs/ros2_package_subs.egg-info/PKG-INFO
[1.136s] writing dependency_links to ../../build/ros2_package_subs/ros2_package_subs.egg-info/dependency_links.txt
[1.136s] writing entry points to ../../build/ros2_package_subs/ros2_package_subs.egg-info/entry_points.txt
[1.136s] writing requirements to ../../build/ros2_package_subs/ros2_package_subs.egg-info/requires.txt
[1.137s] writing top-level names to ../../build/ros2_package_subs/ros2_package_subs.egg-info/top_level.txt
[1.220s] reading manifest file '../../build/ros2_package_subs/ros2_package_subs.egg-info/SOURCES.txt'
[1.223s] writing manifest file '../../build/ros2_package_subs/ros2_package_subs.egg-info/SOURCES.txt'
[1.223s] running build
[1.223s] running build_py
[1.223s] copying ros2_package_subs/ros2_node_subs.py -> /home/eliz/tp3_fund_ros/ros2_ws/build/ros2_package_subs/build/lib/ros2_package_subs
[1.224s] running install
[1.225s] running install_lib
[1.228s] copying /home/eliz/tp3_fund_ros/ros2_ws/build/ros2_package_subs/build/lib/ros2_package_subs/ros2_node_subs.py -> /home/eliz/tp3_fund_ros/ros2_ws/install/ros2_package_subs/lib/python3.8/site-packages/ros2_package_subs
[1.228s] byte-compiling /home/eliz/tp3_fund_ros/ros2_ws/install/ros2_package_subs/lib/python3.8/site-packages/ros2_package_subs/ros2_node_subs.py to ros2_node_subs.cpython-38.pyc
[1.233s] running install_data
[1.234s] running install_egg_info
[1.237s] removing '/home/eliz/tp3_fund_ros/ros2_ws/install/ros2_package_subs/lib/python3.8/site-packages/ros2_package_subs-0.0.0-py3.8.egg-info' (and everything under it)
[1.237s] Copying ../../build/ros2_package_subs/ros2_package_subs.egg-info to /home/eliz/tp3_fund_ros/ros2_ws/install/ros2_package_subs/lib/python3.8/site-packages/ros2_package_subs-0.0.0-py3.8.egg-info
[1.239s] running install_scripts
[1.274s] Installing ros2_node_subs script to /home/eliz/tp3_fund_ros/ros2_ws/install/ros2_package_subs/lib/ros2_package_subs
[1.275s] writing list of installed files to '/home/eliz/tp3_fund_ros/ros2_ws/build/ros2_package_subs/install.log'
[1.325s] Invoked command in '/home/eliz/tp3_fund_ros/ros2_ws/src/ros2_package_subs' returned '0': PYTHONPATH=/home/eliz/tp3_fund_ros/ros2_ws/install/ros2_package_subs/lib/python3.8/site-packages:${PYTHONPATH} /usr/bin/python3 setup.py egg_info --egg-base ../../build/ros2_package_subs build --build-base /home/eliz/tp3_fund_ros/ros2_ws/build/ros2_package_subs/build install --prefix /home/eliz/tp3_fund_ros/ros2_ws/install/ros2_package_subs --record /home/eliz/tp3_fund_ros/ros2_ws/build/ros2_package_subs/install.log --single-version-externally-managed
